<?xml version="1.0" encoding="UTF-8"?>
<testng-results ignored="0" total="1" passed="1" failed="0" skipped="0">
  <reporter-output>
  </reporter-output>
  <suite started-at="2023-07-18T15:34:34 IST" name="Surefire suite" finished-at="2023-07-18T15:34:45 IST" duration-ms="10421">
    <groups>
      <group name="cucumber">
        <method signature="AbstractTestNGCucumberTests.runScenario(io.cucumber.testng.PickleWrapper,io.cucumber.testng.FeatureWrapper)[pri:0, instance:cucumberOptions.TestNG_TestRunner@68999068]" name="runScenario" class="io.cucumber.testng.AbstractTestNGCucumberTests"/>
      </group> <!-- cucumber -->
    </groups>
    <test started-at="2023-07-18T15:34:34 IST" name="Surefire test" finished-at="2023-07-18T15:34:45 IST" duration-ms="10421">
      <class name="cucumberOptions.TestNG_TestRunner">
        <test-method is-config="true" signature="setUpClass(org.testng.ITestContext)[pri:0, instance:cucumberOptions.TestNG_TestRunner@68999068]" started-at="2023-07-18T15:34:34 IST" name="setUpClass" finished-at="2023-07-18T15:34:36 IST" duration-ms="1610" status="PASS">
          <params>
            <param index="0">
              <value>
                <![CDATA[org.testng.TestRunner@71f67a79]]>
              </value>
            </param>
          </params>
          <reporter-output>
          </reporter-output>
        </test-method> <!-- setUpClass -->
        <test-method signature="runScenario(io.cucumber.testng.PickleWrapper,io.cucumber.testng.FeatureWrapper)[pri:0, instance:cucumberOptions.TestNG_TestRunner@68999068]" started-at="2023-07-18T15:34:36 IST" name="runScenario" description="Runs Cucumber Scenarios" data-provider="scenarios" finished-at="2023-07-18T15:34:45 IST" duration-ms="8587" status="PASS">
          <params>
            <param index="0">
              <value>
                <![CDATA["Add three products in cart"]]>
              </value>
            </param>
            <param index="1">
              <value>
                <![CDATA["Add products in cart"]]>
              </value>
            </param>
          </params>
          <reporter-output>
          </reporter-output>
        </test-method> <!-- runScenario -->
        <test-method is-config="true" signature="tearDownClass()[pri:0, instance:cucumberOptions.TestNG_TestRunner@68999068]" started-at="2023-07-18T15:34:45 IST" name="tearDownClass" finished-at="2023-07-18T15:34:45 IST" duration-ms="117" status="PASS">
          <reporter-output>
          </reporter-output>
        </test-method> <!-- tearDownClass -->
      </class> <!-- cucumberOptions.TestNG_TestRunner -->
    </test> <!-- Surefire test -->
  </suite> <!-- Surefire suite -->
</testng-results>
