<?xml version="1.0" encoding="UTF-8"?>
<!-- Generated by org.testng.reporters.JUnitReportReporter -->
<testsuite hostname="DESKTOP-1EB9D9D" failures="1" tests="3" name="cucumberOptions.TestNG_TestRunner" time="200.023" errors="0" timestamp="2023-07-18T11:49:24 IST" skipped="0">
  <testcase classname="cucumberOptions.TestNG_TestRunner" name="runScenario" time="66.958">
    <failure message="expected [Beetroot] but found [No data]" type="java.lang.AssertionError">
      <![CDATA[java.lang.AssertionError: expected [Beetroot] but found [No data]
at org.testng.Assert.fail(Assert.java:110)
at org.testng.Assert.failNotEquals(Assert.java:1577)
at org.testng.Assert.assertEqualsImpl(Assert.java:149)
at org.testng.Assert.assertEquals(Assert.java:131)
at org.testng.Assert.assertEquals(Assert.java:655)
at org.testng.Assert.assertEquals(Assert.java:665)
at stepDefinitions.OffersPageStepDef2.validate_product_name_in_offers_page(OffersPageStepDef2.java:45)
at ✽.validate product name in offers page matches with landing page(file:///C:/Users/raayan/eclipse-workspace/cucumber_framework/src/test/java/features/searchProduct.feature:8)
]]>
    </failure>
  </testcase> <!-- runScenario -->
  <system-out/>
  <testcase classname="cucumberOptions.TestNG_TestRunner" name="runScenario" time="67.170"/>
  <system-out/>
  <testcase classname="cucumberOptions.TestNG_TestRunner" name="runScenario" time="65.895"/>
  <system-out/>
</testsuite> <!-- cucumberOptions.TestNG_TestRunner -->
